Build started 2014/7/24 9:22:54.
     1>Project "C:\Users\elqstux\Desktop\convertSigTraceLog\convertSigTraceLog\convertSigTraceLog.vcxproj" on node 2 (build target(s)).
     1>InitializeBuildStatus:
         Creating "Debug\convertSigTraceLog.unsuccessfulbuild" because "AlwaysCreate" was specified.
       ClCompile:
         c:\Program Files (x86)\Microsoft Visual Studio 10.0\VC\bin\CL.exe /c /ZI /nologo /W3 /WX- /Od /Oy- /D WIN32 /D _DEBUG /D _CONSOLE /D _UNICODE /D UNICODE /Gm /EHsc /RTC1 /MDd /GS /fp:precise /Zc:wchar_t /Zc:forScope /Fo"Debug\\" /Fd"Debug\vc100.pdb" /Gd /TP /analyze- /errorReport:prompt ..\..\convertSigTraceLog.cpp
         convertSigTraceLog.cpp
     1>c:\users\elqstux\desktop\convertsigtracelog.cpp(53): warning C4996: 'sscanf': This function or variable may be unsafe. Consider using sscanf_s instead. To disable deprecation, use _CRT_SECURE_NO_WARNINGS. See online help for details.
                 c:\program files (x86)\microsoft visual studio 10.0\vc\include\stdio.h(325) : see declaration of 'sscanf'
     1>c:\users\elqstux\desktop\convertsigtracelog.cpp(96): warning C4018: '<' : signed/unsigned mismatch
         All outputs are up-to-date.
       ManifestResourceCompile:
         c:\Program Files (x86)\Microsoft SDKs\Windows\v7.0A\bin\rc.exe /nologo /fo"Debug\convertSigTraceLog.exe.embed.manifest.res" Debug\convertSigTraceLog_manifest.rc 
     1>C:\Program Files (x86)\MSBuild\Microsoft.Cpp\v4.0\Platforms\Win32\Microsoft.Cpp.Win32.Targets(268,5): warning MSB6008: Forcing a rebuild of all sources due to an error with the tracking logs. Not a valid Win32 FileTime.
C:\Program Files (x86)\MSBuild\Microsoft.Cpp\v4.0\Platforms\Win32\Microsoft.Cpp.Win32.Targets(268,5): warning MSB6008: Parameter name: fileTime
         c:\Program Files (x86)\Microsoft Visual Studio 10.0\VC\bin\link.exe /ERRORREPORT:PROMPT /OUT:"C:\Users\elqstux\Desktop\convertSigTraceLog\Debug\convertSigTraceLog.exe" /INCREMENTAL /NOLOGO kernel32.lib user32.lib gdi32.lib winspool.lib comdlg32.lib advapi32.lib shell32.lib ole32.lib oleaut32.lib uuid.lib odbc32.lib odbccp32.lib /MANIFEST /ManifestFile:"Debug\convertSigTraceLog.exe.intermediate.manifest" /MANIFESTUAC:"level='asInvoker' uiAccess='false'" /DEBUG /PDB:"C:\Users\elqstux\Desktop\convertSigTraceLog\Debug\convertSigTraceLog.pdb" /SUBSYSTEM:CONSOLE /TLBID:1 /DYNAMICBASE /NXCOMPAT /IMPLIB:"C:\Users\elqstux\Desktop\convertSigTraceLog\Debug\convertSigTraceLog.lib" /MACHINE:X86 Debug\convertSigTraceLog.exe.embed.manifest.res
         Debug\convertSigTraceLog.obj
         "Debug\getopt .obj"
         Debug\tinyxml2.obj
       Manifest:
         c:\Program Files (x86)\Microsoft SDKs\Windows\v7.0A\bin\mt.exe /nologo /verbose /out:"Debug\convertSigTraceLog.exe.embed.manifest" /manifest Debug\convertSigTraceLog.exe.intermediate.manifest
         c:\Program Files (x86)\Microsoft SDKs\Windows\v7.0A\bin\rc.exe /nologo /fo"Debug\convertSigTraceLog.exe.embed.manifest.res" Debug\convertSigTraceLog_manifest.rc 
       LinkEmbedManifest:
         c:\Program Files (x86)\Microsoft Visual Studio 10.0\VC\bin\link.exe /ERRORREPORT:PROMPT /OUT:"C:\Users\elqstux\Desktop\convertSigTraceLog\Debug\convertSigTraceLog.exe" /INCREMENTAL /NOLOGO kernel32.lib user32.lib gdi32.lib winspool.lib comdlg32.lib advapi32.lib shell32.lib ole32.lib oleaut32.lib uuid.lib odbc32.lib odbccp32.lib /MANIFEST /ManifestFile:"Debug\convertSigTraceLog.exe.intermediate.manifest" /MANIFESTUAC:"level='asInvoker' uiAccess='false'" /DEBUG /PDB:"C:\Users\elqstux\Desktop\convertSigTraceLog\Debug\convertSigTraceLog.pdb" /SUBSYSTEM:CONSOLE /TLBID:1 /DYNAMICBASE /NXCOMPAT /IMPLIB:"C:\Users\elqstux\Desktop\convertSigTraceLog\Debug\convertSigTraceLog.lib" /MACHINE:X86 Debug\convertSigTraceLog.exe.embed.manifest.res
         Debug\convertSigTraceLog.obj
         "Debug\getopt .obj"
         Debug\tinyxml2.obj
         convertSigTraceLog.vcxproj -> C:\Users\elqstux\Desktop\convertSigTraceLog\Debug\convertSigTraceLog.exe
       FinalizeBuildStatus:
         Deleting file "Debug\convertSigTraceLog.unsuccessfulbuild".
         Touching "Debug\convertSigTraceLog.lastbuildstate".
     1>Done Building Project "C:\Users\elqstux\Desktop\convertSigTraceLog\convertSigTraceLog\convertSigTraceLog.vcxproj" (build target(s)).

Build succeeded.

Time Elapsed 00:00:06.66
